<?xml version="1.0" encoding="UTF-8"?>
<testng-results ignored="1" total="2" passed="1" failed="0" skipped="0">
  <reporter-output>
  </reporter-output>
  <suite started-at="2024-04-09T22:30:59 IST" name="Default suite" finished-at="2024-04-09T22:30:59 IST" duration-ms="69">
    <groups>
    </groups>
    <test started-at="2024-04-09T22:30:59 IST" name="Default test" finished-at="2024-04-09T22:30:59 IST" duration-ms="69">
      <class name="TestNG.TestNG4">
        <test-method signature="a()[pri:0, instance:TestNG.TestNG4@729d991e]" started-at="2024-04-09T22:30:59 IST" name="a" finished-at="2024-04-09T22:30:59 IST" duration-ms="9" status="PASS">
          <reporter-output>
          </reporter-output>
        </test-method> <!-- a -->
      </class> <!-- TestNG.TestNG4 -->
    </test> <!-- Default test -->
  </suite> <!-- Default suite -->
</testng-results>
